<?xml version="1.0" encoding="UTF-8"?>
<testsuite name="com.server.QueryStringTest" tests="1" skipped="0" failures="0" errors="0" timestamp="2023-08-15T06:39:35" hostname="users-MacBook-Pro-2.local" time="0.058">
  <properties/>
  <testcase name="createTest()" classname="com.server.QueryStringTest" time="0.058"/>
  <system-out><![CDATA[]]></system-out>
  <system-err><![CDATA[]]></system-err>
</testsuite>
